<?xml version="1.0" encoding="UTF-8"?>
<!-- Generated by org.testng.reporters.JUnitXMLReporter -->
<testsuite ignored="1" hostname="Rabias-MacBook-Air.local" failures="0" tests="1" name="Surefire test" time="0.097" errors="0" timestamp="2025-12-05T14:46:58 IST">
  <testcase classname="com.microservices.api.base.SanityTest" name="verifySetup" time="0.018"/>
  <testcase classname="com.microservices.api.base.BaseTest" name="@BeforeSuite setUp" time="0.0">
    <ignored/>
  </testcase> <!-- @BeforeSuite setUp -->
</testsuite> <!-- Surefire test -->
