<?xml version="1.0" encoding="UTF-8"?>
<!-- Generated by org.testng.reporters.JUnitXMLReporter -->
<testsuite ignored="2" hostname="Rabias-MacBook-Air.local" failures="0" tests="3" name="Surefire test" time="5.886" errors="0" timestamp="2025-12-05T17:18:33 IST">
  <testcase classname="com.microservices.api.base.GoogleTest" name="getWithQueryParamsTest" time="4.983"/>
  <testcase classname="com.microservices.api.base.GoogleTest" name="googleHomePageTest" time="0.845"/>
  <testcase classname="com.microservices.api.base.SanityTest" name="verifySetup" time="0.003"/>
  <testcase classname="com.microservices.api.base.BaseTest" name="@BeforeSuite setUp" time="0.0">
    <ignored/>
  </testcase> <!-- @BeforeSuite setUp -->
  <testcase classname="com.microservices.api.base.BaseTest" name="@BeforeSuite setUp" time="0.0">
    <ignored/>
  </testcase> <!-- @BeforeSuite setUp -->
</testsuite> <!-- Surefire test -->
