<?xml version="1.0" encoding="UTF-8"?>
<testsuite xmlns:xsi="http://www.w3.org/2001/XMLSchema-instance" xsi:noNamespaceSchemaLocation="https://maven.apache.org/surefire/maven-surefire-plugin/xsd/surefire-test-report-3.0.xsd" version="3.0" name="TestSuite" time="11.665" tests="3" errors="0" skipped="0" failures="0">
  <properties>
[...]
</properties>
  <testcase name="getWithQueryParamsTest" classname="com.microservices.api.base.GoogleTest" time="4.984">
    <system-out><![CDATA[Request method:	GET
Request URI:	https://postman-echo.com/get?foo1=bar1&foo2=bar2
Proxy:			<none>
Request params:	<none>
Query params:	foo1=bar1
				foo2=bar2
Form params:	<none>
Path params:	<none>
Headers:		Accept=*/*
				Content-Type=application/json
Cookies:		<none>
Multiparts:		<none>
Body:			<none>
--------- RESPONSE ---------
Status Code: 200
Headers: Date=Fri, 05 Dec 2025 11:48:26 GMT
Content-Type=application/json; charset=utf-8
Transfer-Encoding=chunked
Connection=keep-alive
Content-Encoding=gzip
etag=W/"125-HosbgJiydgrR43XIy6FEG1666DQ"
vary=Accept-Encoding
Set-Cookie=sails.sid=s%3AsXmT9P8RaUV0SjsHUgj_m_IMCsLkTlNj.IIs7qL71iIVzTsveTqTUA%2BVZ7eDo19LmnEV6QfPm2O8; Path=/; HttpOnly
Set-Cookie=__cf_bm=T5rZF86gKnfl9k_Iq55TVUKNfL30g1.HgZggstBMSzk-1764935306-1.0.1.1-gGPpiR8fmkDRKxAfdDCTSwtb5Japy3_RsARUJ_O0sZFO1ie3E4txxiO6iRsPXboldesm3iHs8ScnyQU8UlQjHSjJ.XES0Bu42.kAln1WNi4; path=/; expires=Fri, 05-Dec-25 12:18:26 GMT; domain=.postman-echo.com; HttpOnly; Secure; SameSite=None
Set-Cookie=_cfuvid=1c9Fdk3HoXi2P2k308TP8O6WVlKwXoF8JXr4sO3JIoA-1764935306540-0.0.1.1-604800000; path=/; domain=.postman-echo.com; HttpOnly; Secure; SameSite=None
x-envoy-upstream-service-time=4
cf-cache-status=DYNAMIC
Server=cloudflare
CF-RAY=9a9350805b6b9374-MAA
Body: {
    "args": {
        "foo1": "bar1",
        "foo2": "bar2"
    },
    "headers": {
        "host": "postman-echo.com",
        "accept": "*/*",
        "accept-encoding": "gzip, br",
        "content-type": "application/json",
        "x-forwarded-proto": "https",
        "user-agent": "Apache-HttpClient/4.5.13 (Java/21.0.9)"
    },
    "url": "https://postman-echo.com/get?foo1=bar1&foo2=bar2"
}
----------------------------
]]></system-out>
    <system-err><![CDATA[SLF4J: Failed to load class "org.slf4j.impl.StaticLoggerBinder".
SLF4J: Defaulting to no-operation (NOP) logger implementation
SLF4J: See http://www.slf4j.org/codes.html#StaticLoggerBinder for further details.
]]></system-err>
  </testcase>
  <testcase name="googleHomePageTest" classname="com.microservices.api.base.GoogleTest" time="1.025">
    <system-out><![CDATA[--------- REQUEST ---------
Timestamp: 2025-12-05 17:18:27
Method: GET
Endpoint: https://www.google.com
Request method:	GET
Request URI:	https://www.google.com
Proxy:			<none>
Request params:	<none>
Query params:	<none>
Form params:	<none>
Path params:	<none>
Headers:		Accept=*/*
				Content-Type=application/json
Cookies:		<none>
Multiparts:		<none>
Body:			<none>
--------- RESPONSE ---------
Timestamp: 2025-12-05 17:18:28
Status Code: 200
Headers: Date=Fri, 05 Dec 2025 11:48:27 GMT
Expires=-1
Cache-Control=private, max-age=0
Content-Type=text/html; charset=ISO-8859-1
Content-Security-Policy-Report-Only=object-src 'none';base-uri 'self';script-src 'nonce-MAx8PCQ3I_OQNw1xvM3LxA' 'strict-dynamic' 'report-sample' 'unsafe-eval' 'unsafe-inline' https: http:;report-uri https://csp.withgoogle.com/csp/gws/other-hp
Accept-CH=Sec-CH-Prefers-Color-Scheme
P3P=CP="This is not a P3P policy! See g.co/p3phelp for more info."
Content-Encoding=gzip
Server=gws
X-XSS-Protection=0
X-Frame-Options=SAMEORIGIN
Set-Cookie=AEC=AaJma5tNbJxPODjWAPsc0UXXiKWpglIRaH6zAP077n5qneu5Zc3ugPWUYY4; expires=Wed, 03-Jun-2026 11:48:27 GMT; path=/; domain=.google.com; Secure; HttpOnly; SameSite=lax
Set-Cookie=NID=526=hmAwrUdcVgYiPLIjIEd4TKJUhO_kOSjTWpfi6LkiQhijpadfuc1MA_YMSeXHhOPFW2gK_0MoUJmg5xIUayIRob72zJ0xTGV2-iBExYvg5nFW__5eOUuBoNTW6AtOSAxZv2-KM3sHMYnuvEmPC2Eb7zhbpwViHcyFRQnA7rzDhnaL8xKXl-VRucrdMpHnFVC6HIHYiuxYWaeHADrHx0hJIh6rirk3hkr8Lw; expires=Sat, 06-Jun-2026 11:48:27 GMT; path=/; domain=.google.com; HttpOnly
Alt-Svc=h3=":443"; ma=2592000,h3-29=":443"; ma=2592000
Transfer-Encoding=chunked
Body: <html lang="en-IN" itemscope="" itemtype="http://schema.org/WebPage">
  <head>
    <meta http-equiv="Content-Type" content="text/html; charset=UTF-8"/>
    <meta content="/images/branding/googleg/1x/googleg_standard_color_128dp.png" itemprop="image"/>
    <title>Google</title>
    <script nonce="MAx8PCQ3I_OQNw1xvM3LxA">(function(){var _g={kEI:'i8Yyaf_yM7yz1sQPqIai6Qs',kEXPI:'0,203004,4037041,78813,16105,78218,266578,226411,2,74737,5231543,137,36811538,25381059,57130,8039,30635,7033,2106,4599,328,6225,1116,62340,709,23254,3292,34513,28334,54564,18880,5870,7714,33385,3050,2,1667,837,10968,9706,2864,22727,5683,3604,7330,13166,7,627,15920,20680,1215,1,4375,4532,1760,6437,9742,2646,103,4,1,530,634,4926,94,12923,1523,2,2,3504,9592,4914,792,407,183,2,1,1380,135,3355,2,195,5813,2,4205,3,10939,775,4384,2,874,2231,5089,19,3007,27,769,4081,4,5386,3327,2247,6,8203,1400,424,562,2,1,9730,219,1031,5337,311,534,846,1200,2,12,16,415,1,1129,3,9,2833,9,27,8,2333,2,12,708,132,878,1747,4,535,496,976,2628,4781,3,1,4951,1522,1542,2,540,5,1039,74,389,4,299,2264,84,5,4210,609,15,734,298,2415,1397,497,4944,662,613,7,1784,7,1049,2,290,1622,516,73,4,2252,3835,882,237,4,93,2,1813,18,2,726,2,3014,2361,4,956,96,1553,4,794,819,22,1229,3980,346,251,483,497,1,248,5,438,4,1367,1,2,506,8,14,299,3,516,371,188,5,243,36,2,1785,4,7,345,3,2229,9,550,60,10,204,215,226,149,2,2,629,14,1009,189,4,30,12,1431,75,377,1643,16,4,555,3,1537,115,919,813,484,5,97,187,208,655,804,438,5,259,5,197,926,1440,19,293,402,749,2,94,4,5,230,139,10,122,7,912,126,81,110,282,4,16,118,202,165,202,1996,5,40,224,9,160,135,6,154,5,125,1211,176,42,4,443,24,965,1250,149,767,30,141,398,4,93,300,3,2,2,2,580,199,3,2,2,2,83,12,246,164,193,274,245,5,4,1156,438,1,2,594,119,63,23,65,613,2,3,2,139,54,267,372,190,296,79,91,350,1091,570,259,4,58,736,89,19,512,7,302,180,134,249,213,118,122,4,664,1422,204,263,1,25,17,119,4,9,191,1,257,318,247,7,1111,60,351,1,279,132,494,681,1183,304,111,12,582,4,377,66,3,2,2,2,147,4,3932,133,629,396,4,2712,21017741,18489,5,2253,739,4,2433,527,3,2022,1215,4647,607,2,706,852,3,2687,3,9721,2,764,1672,25,54,1140,3,739,6,2469,2,4,2,35,510,2469,2,1244,2,440,272,91,270,287,3,88,650,6492526,1983257,12706269,1,450961,4,540768,65432,1,104,412,2908,4843,1',kBL:'f2JT',kOPI:89978449};(function(){var a;((a=window.google)==null?0:a.stvsc)?google.kEI=_g.kEI:window.google=_g;}).call(this);})();(function(){google.sn='webhp';google.kHL='en-IN';google.rdn=false;})();(function(){
var g=this||self;function k(){return window.google&amp;&amp;window.google.kOPI||null};var l,m=[];function n(a){for(var b;a&amp;&amp;(!a.getAttribute||!(b=a.getAttribute("eid")));)a=a.parentNode;return b||l}function p(a){for(var b=null;a&amp;&amp;(!a.getAttribute||!(b=a.getAttribute("leid")));)a=a.parentNode;return b}function q(a){/^http:/i.test(a)&amp;&amp;window.location.protocol==="https:"&amp;&amp;(google.ml&amp;&amp;google.ml(Error("a"),!1,{src:a,glmm:1}),a="");return a}
function r(a,b,d,c,h){var e="";b.search("&amp;ei=")===-1&amp;&amp;(e="&amp;ei="+n(c),b.search("&amp;lei=")===-1&amp;&amp;(c=p(c))&amp;&amp;(e+="&amp;lei="+c));var f=b.search("&amp;cshid=")===-1&amp;&amp;a!=="slh";c="&amp;zx="+Date.now().toString();g._cshid&amp;&amp;f&amp;&amp;(c+="&amp;cshid="+g._cshid);(d=d())&amp;&amp;(c+="&amp;opi="+d);return"/"+(h||"gen_204")+"?atyp=i&amp;ct="+String(a)+"&amp;cad="+(b+e+c)};l=google.kEI;google.getEI=n;google.getLEI=p;google.ml=function(){return null};google.log=function(a,b,d,c,h,e){e=e===void 0?k:e;d||(d=r(a,b,e,c,h));if(d=q(d)){a=new Image;var f=m.length;m[f]=a;a.onerror=a.onload=a.onabort=function(){delete m[f]};a.src=d}};google.logUrl=function(a,b){b=b===void 0?k:b;return r("",a,b)};}).call(this);(function(){google.y={};google.sy={};function e(a,b,c){if(a)var d=a.id;else{do d=Math.random();while(c[d])}c[d]=[a,b]}var f;(f=google).x||(f.x=function(a,b){e(a,b,google.y)});var g;(g=google).sx||(g.sx=function(a,b){e(a,b,google.sy)});google.lm=[];var h;(h=google).plm||(h.plm=function(a){google.lm.push.apply(google.lm,a)});google.lq=[];var k;(k=google).load||(k.load=function(a,b,c){google.lq.push([[a],b,c])});var l;(l=google).loadAll||(l.loadAll=function(a,b){google.lq.push([a,b])});google.bx=!1;var m;(m=google).lx||(m.lx=function(){});var n=[],p;(p=google).fce||(p.fce=function(a,b,c,d){n.push([a,b,c,d])});google.qce=n;google.adl=[];}).call(this);google.f={};(function(){
document.documentElement.addEventListener("submit",function(b){var a;if(a=b.target){var c=a.getAttribute("data-submitfalse");a=c==="1"||c==="q"&amp;&amp;!a.elements.q.value?!0:!1}else a=!1;a&amp;&amp;(b.preventDefault(),b.stopPropagation())},!0);document.documentElement.addEventListener("click",function(b){var a;a:{for(a=b.target;a&amp;&amp;a!==document.documentElement;a=a.parentElement)if(a.tagName==="A"){a=a.getAttribute("data-nohref")==="1";break a}a=!1}a&amp;&amp;b.preventDefault()},!0);}).call(this);</script>
    <style>#gbar,#guser{font-size:13px;padding-top:1px !important;}#gbar{height:22px}#guser{padding-bottom:7px !important;text-align:right}.gbh,.gbd{border-top:1px solid #c9d7f1;font-size:1px}.gbh{height:0;position:absolute;top:24px;width:100%}@media all{.gb1{height:22px;margin-right:.5em;vertical-align:top}#gbar{float:left}}a.gb1,a.gb4{text-decoration:underline !important}a.gb1,a.gb4{color:#00c !important}.gbi .gb4{color:#dd8e27 !important}.gbf .gb4{color:#900 !important}
</style>
    <style>body,td,a,p,.h{font-family:sans-serif}body{margin:0;overflow-y:scroll}#gog{padding:3px 8px 0}td{line-height:.8em}.gac_m td{line-height:17px}form{margin-bottom:20px}.h{color:#1967d2}em{font-weight:bold;font-style:normal}.lst{height:25px;width:496px}.gsfi,.lst{font:18px sans-serif}.gsfs{font:17px sans-serif}.ds{display:inline-box;display:inline-block;margin:3px 0 4px;margin-left:4px}input{font-family:inherit}body{background:#fff;color:#1f1f1f}a{color:#681da8;text-decoration:none}a:hover,a:active{text-decoration:underline}.fl a{color:#1967d2}a:visited{color:#681da8}.sblc{padding-top:5px}.sblc a{display:block;margin:2px 0;margin-left:13px;font-size:11px}.lsbb{background:#ecedee;border:solid 1px;border-color:#d2d2d2 #70757a #70757a #d2d2d2;height:30px}.lsbb{display:block}#WqQANb a{display:inline-block;margin:0 12px}.lsb{background:url(/images/nav_logo229.png) 0 -261px repeat-x;color:#1f1f1f;border:none;cursor:pointer;height:30px;margin:0;outline:0;font:15px sans-serif;vertical-align:top}.lsb:active{background:#dadce0}.lst:focus{outline:none}</style>
    <script nonce="MAx8PCQ3I_OQNw1xvM3LxA">(function(){window.google.erd={jsr:1,bv:2337,de:true,dpf:'QVBo6I2YUtZi6PjaWFFwvOwqBRN_Rptol-SMlVm_ARc'};
var g=this||self;var k,l=(k=g.mei)!=null?k:1,m,p=(m=g.diel)!=null?m:0,q,r=(q=g.sdo)!=null?q:!0,t=0,u,w=google.erd,x=w.jsr;google.ml=function(a,b,d,n,e){e=e===void 0?2:e;b&amp;&amp;(u=a&amp;&amp;a.message);d===void 0&amp;&amp;(d={});d.cad="ple_"+google.ple+".aple_"+google.aple;if(google.dl)return google.dl(a,e,d,!0),null;b=d;if(x&lt;0){window.console&amp;&amp;console.error(a,b);if(x===-2)throw a;b=!1}else b=!a||!a.message||a.message==="Error loading script"||t&gt;=l&amp;&amp;!n?!1:!0;if(!b)return null;t++;d=d||{};b=encodeURIComponent;var c="/gen_204?atyp=i&amp;ei="+b(google.kEI);google.kEXPI&amp;&amp;(c+="&amp;jexpid="+b(google.kEXPI));c+="&amp;srcpg="+b(google.sn)+"&amp;jsr="+b(w.jsr)+
"&amp;bver="+b(w.bv);w.dpf&amp;&amp;(c+="&amp;dpf="+b(w.dpf));var f=a.lineNumber;f!==void 0&amp;&amp;(c+="&amp;line="+f);var h=a.fileName;h&amp;&amp;(h.indexOf("-extension:/")&gt;0&amp;&amp;(e=3),c+="&amp;script="+b(h),f&amp;&amp;h===window.location.href&amp;&amp;(f=document.documentElement.outerHTML.split("\n")[f],c+="&amp;cad="+b(f?f.substring(0,300):"No script found.")));google.ple&amp;&amp;google.ple===1&amp;&amp;(e=2);c+="&amp;jsel="+e;for(var v in d)c+="&amp;",c+=b(v),c+="=",c+=b(d[v]);c=c+"&amp;emsg="+b(a.name+": "+a.message);c=c+"&amp;jsst="+b(a.stack||"N/A");c.length&gt;=12288&amp;&amp;(c=c.substring(0,12288));a=c;n||google.log(0,"",a);return a};window.onerror=function(a,b,d,n,e){u!==a&amp;&amp;(a=e instanceof Error?e:Error(a),d===void 0||"lineNumber"in a||(a.lineNumber=d),b===void 0||"fileName"in a||(a.fileName=b),google.ml(a,!1,void 0,!1,a.name==="SyntaxError"||a.message.substring(0,11)==="SyntaxError"||a.message.indexOf("Script error")!==-1?3:p));u=null;r&amp;&amp;t&gt;=l&amp;&amp;(window.onerror=null)};})();</script>
  </head>
  <body bgcolor="#fff">
    <script nonce="MAx8PCQ3I_OQNw1xvM3LxA">(function(){var src='/images/nav_logo229.png';var iesg=false;document.body.onload = function(){window.n &amp;&amp; window.n();if (document.images){new Image().src=src;}
if (!iesg){document.f&amp;&amp;document.f.q.focus();document.gbqf&amp;&amp;document.gbqf.q.focus();}
}
})();</script>
    <div id="mngb">
      <div id="gbar">
        <nobr>
          <b class="gb1">Search</b>
          <a shape="rect" class="gb1" href="https://www.google.com/imghp?hl=en&amp;tab=wi">Images</a>
          <a shape="rect" class="gb1" href="https://maps.google.co.in/maps?hl=en&amp;tab=wl">Maps</a>
          <a shape="rect" class="gb1" href="https://play.google.com/?hl=en&amp;tab=w8">Play</a>
          <a shape="rect" class="gb1" href="https://www.youtube.com/?tab=w1">YouTube</a>
          <a shape="rect" class="gb1" href="https://news.google.com/?tab=wn">News</a>
          <a shape="rect" class="gb1" href="https://mail.google.com/mail/?tab=wm">Gmail</a>
          <a shape="rect" class="gb1" href="https://drive.google.com/?tab=wo">Drive</a>
          <a shape="rect" class="gb1" style="text-decoration:none" href="https://www.google.co.in/intl/en/about/products?tab=wh">
            <u>More</u>
 »          </a>
        </nobr>
      </div>
      <div id="guser" width="100%">
        <nobr>
          <span class="gbi" id="gbn"/>
          <span class="gbf" id="gbf"/>
          <span id="gbe"/>
          <a shape="rect" class="gb4" href="http://www.google.co.in/history/optout?hl=en">Web History</a>
 |           <a shape="rect" class="gb4" href="/preferences?hl=en">Settings</a>
 |           <a shape="rect" class="gb4" id="gb_70" target="_top" href="https://accounts.google.com/ServiceLogin?hl=en&amp;passive=true&amp;continue=https://www.google.com/&amp;ec=GAZAAQ">Sign in</a>
        </nobr>
      </div>
      <div class="gbh" style="left:0"/>
      <div class="gbh" style="right:0"/>
    </div>
    <center>
      <br clear="all" id="lgpd"/>
      <div id="XjhHGf">
        <img id="hplogo" alt="Google" height="92" src="/images/branding/googlelogo/1x/googlelogo_white_background_color_272x92dp.png" style="padding:28px 0 14px" width="272"/>
        <br clear="none"/>
        <br clear="none"/>
      </div>
      <form enctype="application/x-www-form-urlencoded" method="get" action="/search" name="f">
        <table cellpadding="0" cellspacing="0">
          <tr valign="top">
            <td colspan="1" rowspan="1" width="25%"> </td>
            <td align="center" colspan="1" nowrap="" rowspan="1">
              <input type="hidden" name="ie" value="ISO-8859-1"/>
              <input type="hidden" value="en-IN" name="hl"/>
              <input type="hidden" name="source" value="hp"/>
              <input type="hidden" name="biw"/>
              <input type="hidden" name="bih"/>
              <div class="ds" style="height:32px;margin:4px 0">
                <input maxlength="2048" type="text" class="lst" style="margin:0;padding:5px 8px 0 6px;vertical-align:top;color:#1f1f1f" autocomplete="off" value="" title="Google Search" name="q" size="57"/>
              </div>
              <br clear="none" style="line-height:0"/>
              <span class="ds">
                <span class="lsbb">
                  <input type="submit" class="lsb" value="Google Search" name="btnG"/>
                </span>
              </span>
              <span class="ds">
                <span class="lsbb">
                  <input type="submit" class="lsb" id="tsuid_i8Yyaf_yM7yz1sQPqIai6Qs_1" value="I'm Feeling Lucky" name="btnI"/>
                  <script nonce="MAx8PCQ3I_OQNw1xvM3LxA">(function(){var id='tsuid_i8Yyaf_yM7yz1sQPqIai6Qs_1';document.getElementById(id).onclick = function(){if (this.form.q.value){this.checked = 1;if (this.form.iflsig)this.form.iflsig.disabled = false;}
else top.location='/doodles/';};})();</script>
                  <input type="hidden" value="AOw8s4IAAAAAaTLUmzfsqLD8JQeT_-72C8cHh2D5wInh" name="iflsig"/>
                </span>
              </span>
            </td>
            <td align="left" colspan="1" nowrap="" rowspan="1" class="fl sblc" width="25%">
              <a shape="rect" href="/advanced_search?hl=en-IN&amp;authuser=0">Advanced search</a>
            </td>
          </tr>
        </table>
        <input type="hidden" id="gbv" name="gbv" value="1"/>
        <script nonce="MAx8PCQ3I_OQNw1xvM3LxA">(function(){var a,b="1";if(document&amp;&amp;document.getElementById)if(typeof XMLHttpRequest!="undefined")b="2";else if(typeof ActiveXObject!="undefined"){var c,d,e=["MSXML2.XMLHTTP.6.0","MSXML2.XMLHTTP.3.0","MSXML2.XMLHTTP","Microsoft.XMLHTTP"];for(c=0;d=e[c++];)try{new ActiveXObject(d),b="2"}catch(h){}}a=b;if(a=="2"&amp;&amp;location.search.indexOf("&amp;gbv=2")==-1){var f=google.gbvu,g=document.getElementById("gbv");g&amp;&amp;(g.value=a);f&amp;&amp;window.setTimeout(function(){location.href=f},0)};}).call(this);</script>
      </form>
      <div style="font-size:83%;min-height:3.5em">
        <br clear="none"/>
        <div id="gws-output-pages-elements-homepage_additional_languages__als">
          <style>#gws-output-pages-elements-homepage_additional_languages__als{font-size:small;margin-bottom:24px}#SIvCob{color:#545454;display:inline-block;line-height:28px;}#SIvCob a{}.H6sW5{display:inline-block;margin:0 2px;white-space:nowrap}.z4hgWe{display:inline-block;margin:0 2px}</style>
          <div id="SIvCob">
Google offered in:              <a shape="rect" href="https://www.google.com/setprefs?sig=0_5BQlnph_QELyWD2zUmlevqsnhM4%3D&amp;hl=hi&amp;source=homepage&amp;sa=X&amp;ved=0ahUKEwi_5M2wsKaRAxW8mZUCHSiDKL0Q2ZgBCAY">हिन्दी</a>
            <a shape="rect" href="https://www.google.com/setprefs?sig=0_5BQlnph_QELyWD2zUmlevqsnhM4%3D&amp;hl=bn&amp;source=homepage&amp;sa=X&amp;ved=0ahUKEwi_5M2wsKaRAxW8mZUCHSiDKL0Q2ZgBCAc">বাংলা</a>
            <a shape="rect" href="https://www.google.com/setprefs?sig=0_5BQlnph_QELyWD2zUmlevqsnhM4%3D&amp;hl=te&amp;source=homepage&amp;sa=X&amp;ved=0ahUKEwi_5M2wsKaRAxW8mZUCHSiDKL0Q2ZgBCAg">తెలుగు</a>
            <a shape="rect" href="https://www.google.com/setprefs?sig=0_5BQlnph_QELyWD2zUmlevqsnhM4%3D&amp;hl=mr&amp;source=homepage&amp;sa=X&amp;ved=0ahUKEwi_5M2wsKaRAxW8mZUCHSiDKL0Q2ZgBCAk">मराठी</a>
            <a shape="rect" href="https://www.google.com/setprefs?sig=0_5BQlnph_QELyWD2zUmlevqsnhM4%3D&amp;hl=ta&amp;source=homepage&amp;sa=X&amp;ved=0ahUKEwi_5M2wsKaRAxW8mZUCHSiDKL0Q2ZgBCAo">தமிழ்</a>
            <a shape="rect" href="https://www.google.com/setprefs?sig=0_5BQlnph_QELyWD2zUmlevqsnhM4%3D&amp;hl=gu&amp;source=homepage&amp;sa=X&amp;ved=0ahUKEwi_5M2wsKaRAxW8mZUCHSiDKL0Q2ZgBCAs">ગુજરાતી</a>
            <a shape="rect" href="https://www.google.com/setprefs?sig=0_5BQlnph_QELyWD2zUmlevqsnhM4%3D&amp;hl=kn&amp;source=homepage&amp;sa=X&amp;ved=0ahUKEwi_5M2wsKaRAxW8mZUCHSiDKL0Q2ZgBCAw">ಕನ್ನಡ</a>
            <a shape="rect" href="https://www.google.com/setprefs?sig=0_5BQlnph_QELyWD2zUmlevqsnhM4%3D&amp;hl=ml&amp;source=homepage&amp;sa=X&amp;ved=0ahUKEwi_5M2wsKaRAxW8mZUCHSiDKL0Q2ZgBCA0">മലയാളം</a>
            <a shape="rect" href="https://www.google.com/setprefs?sig=0_5BQlnph_QELyWD2zUmlevqsnhM4%3D&amp;hl=pa&amp;source=homepage&amp;sa=X&amp;ved=0ahUKEwi_5M2wsKaRAxW8mZUCHSiDKL0Q2ZgBCA4">ਪੰਜਾਬੀ</a>
          </div>
        </div>
      </div>
      <span id="footer"/>
      <div style="font-size:10pt">
        <div id="WqQANb" style="margin:19px auto;text-align:center">
          <a shape="rect" href="/intl/en/ads/">Advertising</a>
          <a shape="rect" href="http://www.google.co.in/services/">Business Solutions</a>
          <a shape="rect" href="/intl/en/about.html">About Google</a>
          <a shape="rect" href="https://www.google.com/setprefdomain?prefdom=IN&amp;prev=https://www.google.co.in/&amp;sig=K_XUGogUao1assU3e5oYaLlrhwsfM%3D">Google.co.in</a>
        </div>
      </div>
      <p style="font-size:8pt;color:#636363">
© 2025 -         <a shape="rect" href="/intl/en/policies/privacy/">Privacy</a>
 -         <a shape="rect" href="/intl/en/policies/terms/">Terms</a>
      </p>
    </center>
    <script nonce="MAx8PCQ3I_OQNw1xvM3LxA">(function(){window.google.cdo={height:757,width:1440};(function(){var a=window.innerWidth,b=window.innerHeight;if(!a||!b){var c=window.document,d=c.compatMode=="CSS1Compat"?c.documentElement:c.body;a=d.clientWidth;b=d.clientHeight}if(a&amp;&amp;b&amp;&amp;(a!=google.cdo.width||b!=google.cdo.height)){var e=google,f=e.log,g="/client_204?&amp;atyp=i&amp;biw="+a+"&amp;bih="+b+"&amp;ei="+google.kEI,h="",k=window.google&amp;&amp;window.google.kOPI||null;k&amp;&amp;(h+="&amp;opi="+k);f.call(e,"","",g+h)};}).call(this);})();(function(){google.xjs={basecomb:'/xjs/_/js/k\x3dxjs.hp.en.7_-SjE95QXo.es5.O/ck\x3dxjs.hp.KvXtpU15sJU.L.X.O/am\x3dACEAAAAAAAAAAAIAAAAAAAAAAAAAAAAAAAAAAAAAAAAEAAAAAAQEAgAAAAAAAAAAAAAAAAAAAEAAAAAAABEGAABQAEAIAAAAAAACAIAAAAAAAIAEAEAAAgAAiO8IAAAAIAAWAQAAAABe/d\x3d1/ed\x3d1/dg\x3d0/ujg\x3d1/rs\x3dACT90oHOI-3IhDSYH_ZHVjfqAcvV6v_ixg',basecss:'/xjs/_/ss/k\x3dxjs.hp.KvXtpU15sJU.L.X.O/am\x3dACEAAAAAAAAAAAIAAAAAAAAAAAAAAAAAAAAAAAAAAAAEAAAAAAQAAgAAAAAAAAAAAAAAAAAAAAAAAAAAAAEAAABQAEAIAAAAAAACAIAAAAAAAIAEAEAAAg/rs\x3dACT90oHqObPJKZSBsQwyKgoXcf3xeWCKTg',basejs:'/xjs/_/js/k\x3dxjs.hp.en.7_-SjE95QXo.es5.O/am\x3dAAAAAAAAAAAAAAAAAAAAAAAAAAAAAAAAAAAAAAAAAAAAAAAAAAAEAAAAAAAAAAAAAAAAAAAAAEAAAAAAABAGAAAAAAAAAAAAAAAAAAAAAAAAAAAAAAAAAAAAiO8IAAAAIAAWAQAAAABe/dg\x3d0/rs\x3dACT90oHGpgdY8uw7rrs-ZElIMCK18MVM7Q',excm:[]};})();(function(){var u='/xjs/_/js/k\x3dxjs.hp.en.7_-SjE95QXo.es5.O/am\x3dAAAAAAAAAAAAAAAAAAAAAAAAAAAAAAAAAAAAAAAAAAAAAAAAAAAEAAAAAAAAAAAAAAAAAAAAAEAAAAAAABAGAAAAAAAAAAAAAAAAAAAAAAAAAAAAAAAAAAAAiO8IAAAAIAAWAQAAAABe/d\x3d1/ed\x3d1/dg\x3d4/rs\x3dACT90oHGpgdY8uw7rrs-ZElIMCK18MVM7Q/m\x3dsb_he,d';var st=1;var amd=1000;var mmd=0;var pop=true;var povp=false;var fp='';var ecb=false;var cst=true;var pxp=false;
var f=this||self;function g(){var a=google.ia&amp;&amp;google.ia.r.B2Jtyd;return a&amp;&amp;[1,5,6].indexOf(a.m)&gt;=0&amp;&amp;a.cbfd&amp;&amp;a.cbvi?a:void 0};function h(a){var b=document.createElement("link");b.as="script";b.href=a;b.rel="preload";document.body.appendChild(b)}function k(){var a=[l];google.dp||(a.forEach(h),google.dp=!0)};google.ps=google.ps||[];function m(a){var b=l,c=function(){};google.lx=google.stvsc?c:function(){n(b,a);google.lx=c};google.bx||google.lx()}function p(a,b){b&amp;&amp;(a.src=b);fp&amp;&amp;google.caft&amp;&amp;google.caft(function(){a.fetchPriority=fp});var c=a.onload;a.onload=function(e){c&amp;&amp;c(e);google.ps=google.ps.filter(function(d){return a!==d})};google.ps.push(a);document.body.appendChild(a)}function q(a,b,c){b?requestAnimationFrame(function(){p(a,c)}):p(a,c)}google.as=p;function n(a,b){google.tick&amp;&amp;google.tick("load","xjsls");var c=document.createElement("script");c.onerror=function(){google.ple=1};c.onload=function(){google.ple=0};google.xjsus=void 0;q(c,b,a);google.aple=-1;google.dp=!0};function r(){for(var a=document.getElementsByTagName("img"),b=0,c=a.length;b&lt;c;b++){var e=a[b],d;if(d=e.hasAttribute("data-lzy_")&amp;&amp;Number(e.getAttribute("data-atf"))&amp;1)d=e.getAttribute("jscontroller"),d=!((d==="UBXHI"||d==="R3fhkb"||d==="TSZEqd")&amp;&amp;e.hasAttribute("data-src"));if(d)return!0}return!1};var l,t,w,x,y,z,A,B,C,D,E="";function F(){l=pxp&amp;&amp;google.xjsup||u;var a=l.match("/cb=(loaded_h_\\d+)");a&amp;&amp;a[1]&amp;&amp;(E=a[1]);google.xjsu=l;f._F_jsUrl=l;z=function(c){m(c)};t=!1;w=(st===1||st===3)&amp;&amp;!!google.caft&amp;&amp;!r();x=g();y=!E&amp;&amp;(st===2||st===3)&amp;&amp;!!x&amp;&amp;!r();if(E){var b=(st===2||st===3)&amp;&amp;!!x;f[E]=function(c){var e=!1,d=function(){e||(e=!0,cst?setTimeout(function(){return void c.call(window,window._)},0):c.call(window,window._))};b&amp;&amp;google.ia.adls?(x.cbvi.push(function(){delete google.ia.adls}),x.cbvi.push(d),setTimeout(d,mmd)):d()}}A=
pop;B=povp;C=A&amp;&amp;document.prerendering||B&amp;&amp;document.hidden;D=B?"visibilitychange":"prerenderingchange"}function G(a){t||w||y||C||(z(a),t=!0)}
setTimeout(function(){google.tick&amp;&amp;google.tick("load","xjspls");F();if(w||y||C){if(w){var a=function(){w=!1;G()};google.caft(a);setTimeout(a,amd)}y&amp;&amp;(a=function(){y=!1;G()},x.cbvi.push(a),setTimeout(a,mmd));if(C){var b=function(){(B?document.hidden:document.prerendering)||(C=!1,G(!B&amp;&amp;!1),document.removeEventListener(D,b))};document.addEventListener(D,b,{passive:!0})}t||k()}else z()},0);})();window._ = window._ || {};window._DumpException = _._DumpException = function(e){throw e;};window._s = window._s || {};_s._DumpException = _._DumpException;window._qs = window._qs || {};_qs._DumpException = _._DumpException;window.loaded_h_0 = function(cb){cb.call(window,window._);};(function(){var t=[8448,0,2097152,0,0,0,0,0,1310720,268435456,4202592,0,16,0,67108864,93519872,274075908,81922,134217860,8422424,32768,0,67108936,128,585608,8388608,4450,394264576];window._F_toggles = window._xjs_toggles = t;})();window._F_installCss = window._F_installCss || function(css){};(function(){google.jl={bfl:0,dw:false,eli:false,ine:false,ubm:false,uwp:true,vs:false};})();(function(){var pmc='{\x22d\x22:{},\x22sb_he\x22:{\x22client\x22:\x22heirloom-hp\x22,\x22dh\x22:true,\x22ds\x22:\x22\x22,\x22host\x22:\x22google.com\x22,\x22jsonp\x22:true,\x22msgs\x22:{\x22cibl\x22:\x22Clear Search\x22,\x22dym\x22:\x22Did you mean:\x22,\x22lcky\x22:\x22I\\u0026#39;m Feeling Lucky\x22,\x22lml\x22:\x22Learn more\x22,\x22psrc\x22:\x22This search was removed from your \\u003Ca href\x3d\\\x22/history\\\x22\\u003EWeb History\\u003C/a\\u003E\x22,\x22psrl\x22:\x22Remove\x22,\x22sbit\x22:\x22Search by image\x22,\x22srch\x22:\x22Google Search\x22},\x22ovr\x22:{},\x22pq\x22:\x22\x22,\x22rfs\x22:[],\x22stok\x22:\x22mfr0hBAHnDpLza9Ip6BIkJh30yE\x22}}';google.pmc=JSON.parse(pmc);})();</script>
  </body>
</html>
----------------------------
Response body length: 20066
]]></system-out>
  </testcase>
  <testcase name="verifySetup" classname="com.microservices.api.base.SanityTest" time="0.001">
    <system-out><![CDATA[Sanity Test Executed!
https://www.google.com
]]></system-out>
  </testcase>
</testsuite>