<?xml version="1.0" encoding="UTF-8"?>
<testng-results ignored="0" total="3" passed="3" failed="0" skipped="0">
  <reporter-output>
  </reporter-output>
  <suite started-at="2025-12-05T17:18:22 IST" name="Surefire suite" finished-at="2025-12-05T17:18:28 IST" duration-ms="5886">
    <groups>
    </groups>
    <test started-at="2025-12-05T17:18:22 IST" name="Surefire test" finished-at="2025-12-05T17:18:28 IST" duration-ms="5886">
      <class name="com.microservices.api.base.SanityTest">
        <test-method signature="verifySetup()[pri:0, instance:com.microservices.api.base.SanityTest@3d299e3]" started-at="2025-12-05T17:18:28 IST" name="verifySetup" finished-at="2025-12-05T17:18:28 IST" duration-ms="3" status="PASS">
          <reporter-output>
          </reporter-output>
        </test-method> <!-- verifySetup -->
      </class> <!-- com.microservices.api.base.SanityTest -->
      <class name="com.microservices.api.base.GoogleTest">
        <test-method is-config="true" signature="setUp()[pri:0, instance:com.microservices.api.base.GoogleTest@48524010]" started-at="2025-12-05T17:18:22 IST" name="setUp" finished-at="2025-12-05T17:18:22 IST" duration-ms="74" status="PASS">
          <reporter-output>
          </reporter-output>
        </test-method> <!-- setUp -->
        <test-method signature="getWithQueryParamsTest()[pri:0, instance:com.microservices.api.base.GoogleTest@48524010]" started-at="2025-12-05T17:18:22 IST" name="getWithQueryParamsTest" finished-at="2025-12-05T17:18:27 IST" duration-ms="4983" status="PASS">
          <reporter-output>
          </reporter-output>
        </test-method> <!-- getWithQueryParamsTest -->
        <test-method signature="googleHomePageTest()[pri:0, instance:com.microservices.api.base.GoogleTest@48524010]" started-at="2025-12-05T17:18:27 IST" name="googleHomePageTest" finished-at="2025-12-05T17:18:28 IST" duration-ms="845" status="PASS">
          <reporter-output>
          </reporter-output>
        </test-method> <!-- googleHomePageTest -->
      </class> <!-- com.microservices.api.base.GoogleTest -->
    </test> <!-- Surefire test -->
  </suite> <!-- Surefire suite -->
</testng-results>
