<?xml version="1.0" encoding="UTF-8"?>
<testng-results ignored="0" total="1" passed="1" failed="0" skipped="0">
  <reporter-output>
  </reporter-output>
  <suite started-at="2025-12-05T14:46:52 IST" name="Surefire suite" finished-at="2025-12-05T14:46:52 IST" duration-ms="97">
    <groups>
    </groups>
    <test started-at="2025-12-05T14:46:52 IST" name="Surefire test" finished-at="2025-12-05T14:46:52 IST" duration-ms="97">
      <class name="com.microservices.api.base.SanityTest">
        <test-method is-config="true" signature="setUp()[pri:0, instance:com.microservices.api.base.SanityTest@20d3d15a]" started-at="2025-12-05T14:46:52 IST" name="setUp" finished-at="2025-12-05T14:46:52 IST" duration-ms="93" status="PASS">
          <reporter-output>
          </reporter-output>
        </test-method> <!-- setUp -->
        <test-method signature="verifySetup()[pri:0, instance:com.microservices.api.base.SanityTest@20d3d15a]" started-at="2025-12-05T14:46:52 IST" name="verifySetup" finished-at="2025-12-05T14:46:52 IST" duration-ms="18" status="PASS">
          <reporter-output>
          </reporter-output>
        </test-method> <!-- verifySetup -->
      </class> <!-- com.microservices.api.base.SanityTest -->
    </test> <!-- Surefire test -->
  </suite> <!-- Surefire suite -->
</testng-results>
