<?xml version="1.0" encoding="UTF-8"?>
<!-- Generated by org.testng.reporters.JUnitReportReporter -->
<testsuite hostname="Rabias-MacBook-Air.local" failures="0" tests="2" name="com.microservices.api.base.GoogleTest" time="5.828" errors="0" timestamp="2025-12-05T17:18:33 IST" skipped="0">
  <testcase classname="com.microservices.api.base.GoogleTest" name="googleHomePageTest" time="0.845"/>
  <testcase classname="com.microservices.api.base.GoogleTest" name="getWithQueryParamsTest" time="4.983"/>
</testsuite> <!-- com.microservices.api.base.GoogleTest -->
